<?xml version="1.0" encoding="UTF-8"?>
<testng-results skipped="0" failed="0" ignored="1" total="2" passed="1">
  <reporter-output>
  </reporter-output>
  <suite name="Suite" duration-ms="8082" started-at="2020-12-30T10:24:34Z" finished-at="2020-12-30T10:24:42Z">
    <groups>
    </groups>
    <test name="Test" duration-ms="8082" started-at="2020-12-30T10:24:34Z" finished-at="2020-12-30T10:24:42Z">
      <class name="TestCases.LoginTest">
        <test-method status="PASS" signature="suiteSetup()[pri:0, instance:TestCases.LoginTest@39aeed2f]" name="suiteSetup" is-config="true" duration-ms="12" started-at="2020-12-30T15:54:34Z" finished-at="2020-12-30T15:54:34Z">
          <reporter-output>
          </reporter-output>
        </test-method> <!-- suiteSetup -->
        <test-method status="PASS" signature="setUp()[pri:0, instance:TestCases.LoginTest@39aeed2f]" name="setUp" is-config="true" duration-ms="7004" started-at="2020-12-30T15:54:34Z" finished-at="2020-12-30T15:54:41Z">
          <reporter-output>
          </reporter-output>
        </test-method> <!-- setUp -->
        <test-method status="PASS" signature="loginApp()[pri:0, instance:TestCases.LoginTest@39aeed2f]" name="loginApp" duration-ms="380" started-at="2020-12-30T15:54:41Z" finished-at="2020-12-30T15:54:41Z">
          <reporter-output>
          </reporter-output>
        </test-method> <!-- loginApp -->
        <test-method status="PASS" signature="failedTC(org.testng.ITestResult)[pri:0, instance:TestCases.LoginTest@39aeed2f]" name="failedTC" is-config="true" duration-ms="1" started-at="2020-12-30T15:54:41Z" finished-at="2020-12-30T15:54:41Z">
          <params>
            <param index="0">
              <value>
                <![CDATA[[TestResult name=loginApp status=SUCCESS method=LoginTest.loginApp()[pri:0, instance:TestCases.LoginTest@39aeed2f] output={null}]]]>
              </value>
            </param>
          </params>
          <reporter-output>
          </reporter-output>
        </test-method> <!-- failedTC -->
        <test-method status="PASS" signature="tearDown()[pri:0, instance:TestCases.LoginTest@39aeed2f]" name="tearDown" is-config="true" duration-ms="679" started-at="2020-12-30T15:54:41Z" finished-at="2020-12-30T15:54:42Z">
          <reporter-output>
          </reporter-output>
        </test-method> <!-- tearDown -->
      </class> <!-- TestCases.LoginTest -->
    </test> <!-- Test -->
  </suite> <!-- Suite -->
</testng-results>
