<?xml version="1.0" encoding="UTF-8"?>
<testng-results skipped="0" failed="0" ignored="1" total="2" passed="1">
  <reporter-output>
  </reporter-output>
  <suite name="Suite" duration-ms="11639" started-at="2020-12-30T14:12:14Z" finished-at="2020-12-30T14:12:26Z">
    <groups>
    </groups>
    <test name="Test" duration-ms="11639" started-at="2020-12-30T14:12:14Z" finished-at="2020-12-30T14:12:26Z">
      <class name="TestCases.LoginTest">
        <test-method status="PASS" signature="suiteSetup()[pri:0, instance:TestCases.LoginTest@2c9f9fb0]" name="suiteSetup" is-config="true" duration-ms="9" started-at="2020-12-30T19:42:14Z" finished-at="2020-12-30T19:42:14Z">
          <reporter-output>
          </reporter-output>
        </test-method> <!-- suiteSetup -->
        <test-method status="PASS" signature="setUp()[pri:0, instance:TestCases.LoginTest@2c9f9fb0]" name="setUp" is-config="true" duration-ms="9909" started-at="2020-12-30T19:42:14Z" finished-at="2020-12-30T19:42:24Z">
          <reporter-output>
          </reporter-output>
        </test-method> <!-- setUp -->
        <test-method status="PASS" signature="loginApp()[pri:0, instance:TestCases.LoginTest@2c9f9fb0]" name="loginApp" duration-ms="1033" started-at="2020-12-30T19:42:24Z" finished-at="2020-12-30T19:42:25Z">
          <reporter-output>
          </reporter-output>
        </test-method> <!-- loginApp -->
        <test-method status="PASS" signature="failedTC(org.testng.ITestResult)[pri:0, instance:TestCases.LoginTest@2c9f9fb0]" name="failedTC" is-config="true" duration-ms="0" started-at="2020-12-30T19:42:25Z" finished-at="2020-12-30T19:42:25Z">
          <params>
            <param index="0">
              <value>
                <![CDATA[[TestResult name=loginApp status=SUCCESS method=LoginTest.loginApp()[pri:0, instance:TestCases.LoginTest@2c9f9fb0] output={null}]]]>
              </value>
            </param>
          </params>
          <reporter-output>
          </reporter-output>
        </test-method> <!-- failedTC -->
        <test-method status="PASS" signature="tearDown()[pri:0, instance:TestCases.LoginTest@2c9f9fb0]" name="tearDown" is-config="true" duration-ms="677" started-at="2020-12-30T19:42:25Z" finished-at="2020-12-30T19:42:26Z">
          <reporter-output>
          </reporter-output>
        </test-method> <!-- tearDown -->
      </class> <!-- TestCases.LoginTest -->
    </test> <!-- Test -->
  </suite> <!-- Suite -->
</testng-results>
